c:\users\andrey\source\repos\project1\project1\x64\debug\vc143.pdb
c:\users\andrey\source\repos\project1\project1\x64\debug\vc143.idb
c:\users\andrey\source\repos\project1\project1\x64\debug\signrender.obj
c:\users\andrey\source\repos\project1\project1\x64\debug\signcontroller.obj
c:\users\andrey\source\repos\project1\project1\x64\debug\player.obj
c:\users\andrey\source\repos\project1\project1\x64\debug\networkmanager.obj
c:\users\andrey\source\repos\project1\project1\x64\debug\menurender.obj
c:\users\andrey\source\repos\project1\project1\x64\debug\menucontroller.obj
c:\users\andrey\source\repos\project1\project1\x64\debug\main.obj
c:\users\andrey\source\repos\project1\project1\x64\debug\leadersrender.obj
c:\users\andrey\source\repos\project1\project1\x64\debug\leaderscontroller.obj
c:\users\andrey\source\repos\project1\project1\x64\debug\gamerender.obj
c:\users\andrey\source\repos\project1\project1\x64\debug\gamemodel.obj
c:\users\andrey\source\repos\project1\project1\x64\debug\gamecontroller.obj
c:\users\andrey\source\repos\project1\project1\x64\debug\clientcontroller.obj
c:\users\andrey\source\repos\project1\project1\x64\debug\assets.obj
c:\users\andrey\source\repos\project1\project1\x64\debug\project1.tlog\cl.command.1.tlog
c:\users\andrey\source\repos\project1\project1\x64\debug\project1.tlog\cl.read.1.tlog
c:\users\andrey\source\repos\project1\project1\x64\debug\project1.tlog\cl.write.1.tlog
c:\users\andrey\source\repos\project1\project1\x64\debug\project1.tlog\link.command.1.tlog
c:\users\andrey\source\repos\project1\project1\x64\debug\project1.tlog\link.read.1.tlog
c:\users\andrey\source\repos\project1\project1\x64\debug\project1.tlog\link.write.1.tlog
